#
# A fatal error has been detected by the Java Runtime Environment:
#
#  EXCEPTION_UNCAUGHT_CXX_EXCEPTION (0xe06d7363) at pc=0x00007ff8ed9acd29, pid=2512, tid=19520
#
# JRE version: OpenJDK Runtime Environment Temurin-17.0.5+8 (17.0.5+8) (build 17.0.5+8)
# Java VM: OpenJDK 64-Bit Server VM Temurin-17.0.5+8 (17.0.5+8, mixed mode, tiered, compressed oops, compressed class ptrs, g1 gc, windows-amd64)
# Problematic frame:
# C  [KERNELBASE.dll+0x2cd29]
#
# No core dump will be written. Minidumps are not enabled by default on client versions of Windows
#
# If you would like to submit a bug report, please visit:
#   https://github.com/adoptium/adoptium-support/issues
# The crash happened outside the Java Virtual Machine in native code.
# See problematic frame for where to report the bug.
#

---------------  S U M M A R Y ------------

Command Line: -agentlib:jvmhook -Dfile.encoding=UTF-8 -XX:+ShowCodeDetailsInExceptionMessages -Xrunjvmhook -Xbootclasspath/a:C:\Program Files (x86)\Micro Focus\UFT One\bin\java_shared\classes\jasmine.jar cucumber.api.cli.Main C:/Users/002A59744/Downloads/Script/week3_12thDec_batch2-20221206T150439Z-001/week3_12thDec_batch2/com.ibm.nov.batch2/com.ibm.nov.batch2_week3/Features/login.feature --glue classpath: --plugin pretty --monochrome

Host: 11th Gen Intel(R) Core(TM) i5-1135G7 @ 2.40GHz, 8 cores, 15G,  Windows 10 , 64 bit Build 19041 (10.0.19041.2251)
Time: Tue Dec 13 12:22:29 2022 India Standard Time elapsed time: 1.072730 seconds (0d 0h 0m 1s)

---------------  T H R E A D  ---------------

Current thread (0x00000156a2c10a30):  JavaThread "main" [_thread_in_native, id=19520, stack(0x0000004451300000,0x0000004451400000)]

Stack: [0x0000004451300000,0x0000004451400000],  sp=0x00000044513fda20,  free space=1014k
Native frames: (J=compiled Java code, j=interpreted, Vv=VM code, C=native code)
C  [KERNELBASE.dll+0x2cd29]
C  [VCRUNTIME140.dll+0x6220]
C  [jvmhook.dll+0x137b3]

Java frames: (J=compiled Java code, j=interpreted, Vv=VM code)
J 792  java.lang.ClassLoader.defineClass1(Ljava/lang/ClassLoader;Ljava/lang/String;[BIILjava/security/ProtectionDomain;Ljava/lang/String;)Ljava/lang/Class; java.base@17.0.5 (0 bytes) @ 0x00000156add8cce3 [0x00000156add8cc20+0x00000000000000c3]
J 796 c1 java.lang.ClassLoader.defineClass(Ljava/lang/String;[BIILjava/security/ProtectionDomain;)Ljava/lang/Class; java.base@17.0.5 (43 bytes) @ 0x00000156a69886dc [0x00000156a6988380+0x000000000000035c]
j  java.security.SecureClassLoader.defineClass(Ljava/lang/String;[BIILjava/security/CodeSource;)Ljava/lang/Class;+12 java.base@17.0.5
J 797 c1 jdk.internal.loader.BuiltinClassLoader.defineClass(Ljava/lang/String;Ljdk/internal/loader/Resource;)Ljava/lang/Class; java.base@17.0.5 (121 bytes) @ 0x00000156a69873f4 [0x00000156a6986480+0x0000000000000f74]
J 741 c1 jdk.internal.loader.BuiltinClassLoader.findClassOnClassPathOrNull(Ljava/lang/String;)Ljava/lang/Class; java.base@17.0.5 (64 bytes) @ 0x00000156a6969b64 [0x00000156a6968ae0+0x0000000000001084]
J 633 c1 jdk.internal.loader.BuiltinClassLoader.loadClassOrNull(Ljava/lang/String;Z)Ljava/lang/Class; java.base@17.0.5 (143 bytes) @ 0x00000156a6929fd4 [0x00000156a69290c0+0x0000000000000f14]
J 646 c1 jdk.internal.loader.ClassLoaders$AppClassLoader.loadClass(Ljava/lang/String;Z)Ljava/lang/Class; java.base@17.0.5 (40 bytes) @ 0x00000156a692e50c [0x00000156a692dee0+0x000000000000062c]
J 645 c1 java.lang.ClassLoader.loadClass(Ljava/lang/String;)Ljava/lang/Class; java.base@17.0.5 (7 bytes) @ 0x00000156a692db4c [0x00000156a692da40+0x000000000000010c]
j  cucumber.runtime.io.ResourceLoaderClassFinder.loadClass(Ljava/lang/String;)Ljava/lang/Class;+5
j  cucumber.runtime.io.ResourceLoaderClassFinder.getDescendants(Ljava/lang/Class;Ljava/net/URI;)Ljava/util/Collection;+64
j  cucumber.runtime.Reflections.instantiateSubclasses(Ljava/lang/Class;Ljava/util/List;[Ljava/lang/Class;[Ljava/lang/Object;)Ljava/util/Collection;+46
j  cucumber.runtime.Reflections.instantiateExactlyOneSubclass(Ljava/lang/Class;Ljava/util/List;[Ljava/lang/Class;[Ljava/lang/Object;Ljava/lang/Object;)Ljava/lang/Object;+6
j  cucumber.runtime.BackendModuleBackendSupplier.loadBackends()Ljava/util/Collection;+39
j  cucumber.runtime.BackendModuleBackendSupplier.get()Ljava/util/Collection;+1
j  cucumber.runner.SingletonRunnerSupplier.createRunner()Lcucumber/runner/Runner;+12
j  cucumber.runner.SingletonRunnerSupplier.get()Lcucumber/runner/Runner;+9
j  cucumber.runtime.Runtime.run()V+96
j  cucumber.api.cli.Main.run([Ljava/lang/String;Ljava/lang/ClassLoader;)B+16
j  cucumber.api.cli.Main.main([Ljava/lang/String;)V+7
v  ~StubRoutines::call_stub

siginfo: EXCEPTION_UNCAUGHT_CXX_EXCEPTION (0xe06d7363), ExceptionInformation=0x0000000019930520 0x00000044513fdb98 0x00000001800241f8 0x0000000180000000 


Register to memory mapping:

RIP=0x00007ff8ed9acd29 KERNELBASE.dll
RAX=0x02e02b3fc82bf105 is an unknown value
RBX=0x00000001800241f8 jvmhook.dll
RCX=0x0bd1588fc3df0b7c is an unknown value
RDX=0x78afc18ef19fd758 is an unknown value
RSP=0x00000044513fda20 is pointing into the stack for thread: 0x00000156a2c10a30
RBP=0x00000044513fdc60 is pointing into the stack for thread: 0x00000156a2c10a30
RSI=0x00000044513fdb98 is pointing into the stack for thread: 0x00000156a2c10a30
RDI=0x0000000019930520 is an unknown value
R8 =0xae9a03f823bfed00 is an unknown value
R9 =0x00000156a2c10a30 is a thread
R10=0x5dd84585d9850100 is an unknown value
R11=0x00000044513fe0e0 is pointing into the stack for thread: 0x00000156a2c10a30
R12=0x0000000712a16800 is an oop: jdk.internal.loader.ClassLoaders$AppClassLoader 
{0x0000000712a16800} - klass: 'jdk/internal/loader/ClassLoaders$AppClassLoader'
 - ---- fields (total size 13 words):
 - private 'defaultAssertionStatus' 'Z' @12  false
 - private final 'parent' 'Ljava/lang/ClassLoader;' @24  a 'jdk/internal/loader/ClassLoaders$PlatformClassLoader'{0x0000000712a16620} (e2542cc4)
 - private final 'name' 'Ljava/lang/String;' @28  "app"{0x0000000704716490} (e08e2c92)
 - private final 'unnamedModule' 'Ljava/lang/Module;' @32  a 'java/lang/Module'{0x0000000712a0bc40} (e2541788)
 - private final 'nameAndId' 'Ljava/lang/String;' @36  "'app'"{0x0000000704716460} (e08e2c8c)
 - private final 'parallelLockMap' 'Ljava/util/concurrent/ConcurrentHashMap;' @40  a 'java/util/concurrent/ConcurrentHashMap'{0x00000007129aef90} (e2535df2)
 - private final 'package2certs' 'Ljava/util/concurrent/ConcurrentHashMap;' @44  a 'java/util/concurrent/ConcurrentHashMap'{0x00000007129ae218} (e2535c43)
 - private final 'classes' 'Ljava/util/ArrayList;' @48  a 'java/util/ArrayList'{0x000000071296b9d8} (e252d73b)
 - private final 'defaultDomain' 'Ljava/security/ProtectionDomain;' @52  a 'java/security/ProtectionDomain'{0x000000071296b968} (e252d72d)
 - private final 'packages' 'Ljava/util/concurrent/ConcurrentHashMap;' @56  a 'java/util/concurrent/ConcurrentHashMap'{0x000000071296ae70} (e252d5ce)
 - private final 'libraries' 'Ljdk/internal/loader/NativeLibraries;' @60  a 'jdk/internal/loader/NativeLibraries'{0x000000071296ae10} (e252d5c2)
 - final 'assertionLock' 'Ljava/lang/Object;' @64  a 'java/lang/Object'{0x000000071296ae00} (e252d5c0)
 - private 'packageAssertionStatus' 'Ljava/util/Map;' @68  NULL (0)
 - 'classAssertionStatus' 'Ljava/util/Map;' @72  NULL (0)
 - private volatile 'classLoaderValueMap' 'Ljava/util/concurrent/ConcurrentHashMap;' @76  a 'java/util/concurrent/ConcurrentHashMap'{0x000000071296ab88} (e252d571)
 - private final 'pdcache' 'Ljava/util/Map;' @80  a 'java/util/concurrent/ConcurrentHashMap'{0x000000071296aa68} (e252d54d)
 - private final 'parent' 'Ljdk/internal/loader/BuiltinClassLoader;' @84  a 'jdk/internal/loader/ClassLoaders$PlatformClassLoader'{0x0000000712a16620} (e2542cc4)
 - private synchronized 'ucp' 'Ljdk/internal/loader/URLClassPath;' @88  a 'jdk/internal/loader/URLClassPath'{0x00000007129289b8} (e2525137)
 - private final 'nameToModule' 'Ljava/util/Map;' @92  a 'java/util/concurrent/ConcurrentHashMap'{0x00000007129285f8} (e25250bf)
 - private final 'moduleToReader' 'Ljava/util/Map;' @96  a 'java/util/concurrent/ConcurrentHashMap'{0x00000007128e2b60} (e251c56c)
 - private volatile 'resourceCache' 'Ljava/lang/ref/SoftReference;' @100  a 'java/lang/ref/SoftReference'{0x00000007128e2948} (e251c529)
R13=0x00000156a08ea7e0 points into unknown readable memory: 0x00007ff81b3e6c20 | 20 6c 3e 1b f8 7f 00 00
R14=0x0000000180000000 jvmhook.dll
R15=0x00000156c4d91590 points into unknown readable memory: 0x35000000bebafeca | ca fe ba be 00 00 00 35


Registers:
RAX=0x02e02b3fc82bf105, RBX=0x00000001800241f8, RCX=0x0bd1588fc3df0b7c, RDX=0x78afc18ef19fd758
RSP=0x00000044513fda20, RBP=0x00000044513fdc60, RSI=0x00000044513fdb98, RDI=0x0000000019930520
R8 =0xae9a03f823bfed00, R9 =0x00000156a2c10a30, R10=0x5dd84585d9850100, R11=0x00000044513fe0e0
R12=0x0000000712a16800, R13=0x00000156a08ea7e0, R14=0x0000000180000000, R15=0x00000156c4d91590
RIP=0x00007ff8ed9acd29, EFLAGS=0x0000000000000202

Top of Stack: (sp=0x00000044513fda20)
0x00000044513fda20:   00000002513fdae8 00000001800241f8
0x00000044513fda30:   00000044513fdb98 00000156a0800ea0
0x00000044513fda40:   00000001e06d7363 0000000000000000
0x00000044513fda50:   00007ff8ed9acd29 00007ff800000004
0x00000044513fda60:   0000000019930520 00000044513fdb98
0x00000044513fda70:   00000001800241f8 0000000180000000
0x00000044513fda80:   00000156a08ea7e0 0000000712a16800
0x00000044513fda90:   00000044513fdb98 00000044513fdc60
0x00000044513fdaa0:   00000044513fdb20 00007ff8eff44a5f
0x00000044513fdab0:   0000000019930520 0000000100000000
0x00000044513fdac0:   00000156c4d91590 00000044513fdba0
0x00000044513fdad0:   0000000180028000 0000000180000000
0x00000044513fdae0:   00009b98bf87c770 00000044513fdb88
0x00000044513fdaf0:   00000001800241f8 00007ff89c206220
0x00000044513fdb00:   0000000000000000 0000000000000037
0x00000044513fdb10:   0000000000000001 0000000180010000 

Instructions: (pc=0x00007ff8ed9acd29)
0x00007ff8ed9acc29:   07 00 48 8b 84 24 b8 00 00 00 48 8b 8c 24 b0 05
0x00007ff8ed9acc39:   00 00 48 33 cc e8 3d 0a 06 00 48 81 c4 c0 05 00
0x00007ff8ed9acc49:   00 41 5f 41 5e 41 5d 5e 5b c3 cc 48 ff 15 15 9a
0x00007ff8ed9acc59:   19 00 0f 1f 44 00 00 eb b0 cc cc cc cc cc cc cc
0x00007ff8ed9acc69:   cc cc cc cc cc cc cc 40 53 48 83 ec 30 48 8b d1
0x00007ff8ed9acc79:   48 8d 4c 24 20 e8 5d 23 00 00 85 c0 74 26 48 8b
0x00007ff8ed9acc89:   4c 24 28 e8 ef 38 00 00 48 8d 4c 24 20 8b d8 48
0x00007ff8ed9acc99:   ff 15 21 94 19 00 0f 1f 44 00 00 8b c3 48 83 c4
0x00007ff8ed9acca9:   30 5b c3 cc 83 c8 ff eb f4 cc cc cc cc cc cc cc
0x00007ff8ed9accb9:   cc cc cc cc cc cc cc 48 81 ec d8 00 00 00 48 8b
0x00007ff8ed9accc9:   05 a2 71 26 00 48 33 c4 48 89 84 24 c0 00 00 00
0x00007ff8ed9accd9:   48 83 64 24 28 00 48 8d 05 da ff ff ff 83 e2 01
0x00007ff8ed9acce9:   89 4c 24 20 89 54 24 24 48 89 44 24 30 4d 85 c9
0x00007ff8ed9accf9:   74 4c b8 0f 00 00 00 48 8d 4c 24 40 44 3b c0 49
0x00007ff8ed9acd09:   8b d1 44 0f 47 c0 44 89 44 24 38 49 c1 e0 03 e8
0x00007ff8ed9acd19:   ba bb 06 00 48 8d 4c 24 20 48 ff 15 67 9b 19 00
0x00007ff8ed9acd29:   0f 1f 44 00 00 48 8b 8c 24 c0 00 00 00 48 33 cc
0x00007ff8ed9acd39:   e8 42 09 06 00 48 81 c4 d8 00 00 00 c3 cc 83 64
0x00007ff8ed9acd49:   24 38 00 eb cf cc cc cc cc cc cc cc cc cc cc cc
0x00007ff8ed9acd59:   cc cc cc cc cc cc cc 65 48 8b 04 25 30 00 00 00
0x00007ff8ed9acd69:   8b 40 68 c3 cc cc cc cc cc cc cc cc cc cc cc cc
0x00007ff8ed9acd79:   cc cc cc cc cc cc cc 48 89 5c 24 10 48 89 74 24
0x00007ff8ed9acd89:   18 57 41 54 41 55 41 56 41 57 48 81 ec b0 02 00
0x00007ff8ed9acd99:   00 48 8b 05 cf 70 26 00 48 33 c4 48 89 84 24 a0
0x00007ff8ed9acda9:   02 00 00 48 8d 15 ff fa 19 00 48 85 c9 48 0f 45
0x00007ff8ed9acdb9:   d1 48 89 94 24 80 00 00 00 48 83 c8 ff 48 ff c0
0x00007ff8ed9acdc9:   80 3c 02 00 75 f7 48 ff c0 48 89 84 24 88 00 00
0x00007ff8ed9acdd9:   00 48 89 94 24 90 00 00 00 4c 8d 8c 24 88 00 00
0x00007ff8ed9acde9:   00 33 d2 b9 06 00 01 40 44 8d 42 02 e8 c6 fe ff
0x00007ff8ed9acdf9:   ff e9 f0 01 00 00 33 f6 48 89 74 24 60 45 33 ff
0x00007ff8ed9ace09:   4c 89 7c 24 48 45 33 f6 4c 89 74 24 58 33 ff 48
0x00007ff8ed9ace19:   89 7c 24 50 e8 3e ff ff ff 89 44 24 40 48 39 35 


Stack slot to memory mapping:
stack at sp + 0 slots: 0x00000002513fdae8 is an unknown value
stack at sp + 1 slots: 0x00000001800241f8 jvmhook.dll
stack at sp + 2 slots: 0x00000044513fdb98 is pointing into the stack for thread: 0x00000156a2c10a30
stack at sp + 3 slots: 0x00000156a0800ea0 points into unknown readable memory: 0x0000000000000000 | 00 00 00 00 00 00 00 00
stack at sp + 4 slots: 0x00000001e06d7363 is an unknown value
stack at sp + 5 slots: 0x0 is NULL
stack at sp + 6 slots: 0x00007ff8ed9acd29 KERNELBASE.dll
stack at sp + 7 slots: 0x00007ff800000004 is an unknown value


---------------  P R O C E S S  ---------------

Threads class SMR info:
_java_thread_list=0x00000156c342fff0, length=14, elements={
0x00000156a2c10a30, 0x00000156beeb6360, 0x00000156beeb7f20, 0x00000156c181eb50,
0x00000156c181f700, 0x00000156c1820ad0, 0x00000156c1838e90, 0x00000156a083f640,
0x00000156a083cdc0, 0x00000156c183ad10, 0x00000156c19d0b20, 0x00000156c19ddbf0,
0x00000156a0840060, 0x00000156a083f130
}

Java Threads: ( => current thread )
=>0x00000156a2c10a30 JavaThread "main" [_thread_in_native, id=19520, stack(0x0000004451300000,0x0000004451400000)]
  0x00000156beeb6360 JavaThread "Reference Handler" daemon [_thread_blocked, id=16440, stack(0x0000004451a00000,0x0000004451b00000)]
  0x00000156beeb7f20 JavaThread "Finalizer" daemon [_thread_blocked, id=1136, stack(0x0000004451b00000,0x0000004451c00000)]
  0x00000156c181eb50 JavaThread "Signal Dispatcher" daemon [_thread_blocked, id=16960, stack(0x0000004451c00000,0x0000004451d00000)]
  0x00000156c181f700 JavaThread "Attach Listener" daemon [_thread_blocked, id=12920, stack(0x0000004451d00000,0x0000004451e00000)]
  0x00000156c1820ad0 JavaThread "Service Thread" daemon [_thread_blocked, id=2060, stack(0x0000004451e00000,0x0000004451f00000)]
  0x00000156c1838e90 JavaThread "Monitor Deflation Thread" daemon [_thread_blocked, id=2580, stack(0x0000004451f00000,0x0000004452000000)]
  0x00000156a083f640 JavaThread "C2 CompilerThread0" daemon [_thread_in_native, id=25168, stack(0x0000004452000000,0x0000004452100000)]
  0x00000156a083cdc0 JavaThread "C1 CompilerThread0" daemon [_thread_blocked, id=18536, stack(0x0000004452100000,0x0000004452200000)]
  0x00000156c183ad10 JavaThread "Sweeper thread" daemon [_thread_blocked, id=11696, stack(0x0000004452200000,0x0000004452300000)]
  0x00000156c19d0b20 JavaThread "Notification Thread" daemon [_thread_blocked, id=17400, stack(0x0000004452300000,0x0000004452400000)]
  0x00000156c19ddbf0 JavaThread "Common-Cleaner" daemon [_thread_blocked, id=20952, stack(0x0000004452500000,0x0000004452600000)]
  0x00000156a0840060 JavaThread "C2 CompilerThread1" daemon [_thread_in_native, id=13864, stack(0x0000004452600000,0x0000004452700000)]
  0x00000156a083f130 JavaThread "C2 CompilerThread2" daemon [_thread_blocked, id=24900, stack(0x0000004452700000,0x0000004452800000)]

Other Threads:
  0x00000156bee74880 VMThread "VM Thread" [stack: 0x0000004451900000,0x0000004451a00000] [id=10816]
  0x00000156a083b2e0 WatcherThread [stack: 0x0000004452400000,0x0000004452500000] [id=25280]
  0x00000156a2c7a470 GCTaskThread "GC Thread#0" [stack: 0x0000004451400000,0x0000004451500000] [id=4720]
  0x00000156c4df2d50 GCTaskThread "GC Thread#1" [stack: 0x0000004452800000,0x0000004452900000] [id=26188]
  0x00000156c3b4e5c0 GCTaskThread "GC Thread#2" [stack: 0x0000004452900000,0x0000004452a00000] [id=16016]
  0x00000156c3b4f080 GCTaskThread "GC Thread#3" [stack: 0x0000004452a00000,0x0000004452b00000] [id=7276]
  0x00000156c3b4e870 GCTaskThread "GC Thread#4" [stack: 0x0000004452b00000,0x0000004452c00000] [id=2252]
  0x00000156c3b4eb20 GCTaskThread "GC Thread#5" [stack: 0x0000004452c00000,0x0000004452d00000] [id=16920]
  0x00000156becd07e0 ConcurrentGCThread "G1 Main Marker" [stack: 0x0000004451500000,0x0000004451600000] [id=11176]
  0x00000156a2c7b770 ConcurrentGCThread "G1 Conc#0" [stack: 0x0000004451600000,0x0000004451700000] [id=1784]
  0x00000156beda4490 ConcurrentGCThread "G1 Refine#0" [stack: 0x0000004451700000,0x0000004451800000] [id=21380]
  0x00000156beda4eb0 ConcurrentGCThread "G1 Service" [stack: 0x0000004451800000,0x0000004451900000] [id=5512]

Threads with active compile tasks:
C2 CompilerThread0     1145  803       4       java.util.jar.JarFile::getEntry (35 bytes)
C2 CompilerThread1     1146  772       4       java.util.jar.JarFile::getJarEntry (9 bytes)

VM state: not at safepoint (normal execution)

VM Mutex/Monitor currently owned by a thread: None

Heap address: 0x0000000704600000, size: 4026 MB, Compressed Oops mode: Zero based, Oop shift amount: 3

CDS archive(s) not mapped
Compressed class space mapped at: 0x0000000800000000-0x0000000840000000, reserved size: 1073741824
Narrow klass base: 0x0000000800000000, Narrow klass shift: 0, Narrow klass range: 0x40000000

GC Precious Log:
 CPUs: 8 total, 8 available
 Memory: 16103M
 Large Page Support: Disabled
 NUMA Support: Disabled
 Compressed Oops: Enabled (Zero based)
 Heap Region Size: 2M
 Heap Min Capacity: 8M
 Heap Initial Capacity: 252M
 Heap Max Capacity: 4026M
 Pre-touch: Disabled
 Parallel Workers: 8
 Concurrent Workers: 2
 Concurrent Refinement Workers: 8
 Periodic GC: Disabled

Heap:
 garbage-first heap   total 258048K, used 8627K [0x0000000704600000, 0x0000000800000000)
  region size 2048K, 3 young (6144K), 2 survivors (4096K)
 Metaspace       used 10473K, committed 10560K, reserved 1064960K
  class space    used 1032K, committed 1088K, reserved 1048576K

Heap Regions: E=young(eden), S=young(survivor), O=old, HS=humongous(starts), HC=humongous(continues), CS=collection set, F=free, OA=open archive, CA=closed archive, TAMS=top-at-mark-start (previous, next)
|   0|0x0000000704600000, 0x0000000704800000, 0x0000000704800000|100%| O|  |TAMS 0x0000000704600000, 0x0000000704600000| Untracked 
|   1|0x0000000704800000, 0x0000000704a00000, 0x0000000704a00000|100%| O|  |TAMS 0x0000000704800000, 0x0000000704800000| Untracked 
|   2|0x0000000704a00000, 0x0000000704a6ce00, 0x0000000704c00000| 21%| O|  |TAMS 0x0000000704a00000, 0x0000000704a00000| Untracked 
|   3|0x0000000704c00000, 0x0000000704c00000, 0x0000000704e00000|  0%| F|  |TAMS 0x0000000704c00000, 0x0000000704c00000| Untracked 
|   4|0x0000000704e00000, 0x0000000704e00000, 0x0000000705000000|  0%| F|  |TAMS 0x0000000704e00000, 0x0000000704e00000| Untracked 
|   5|0x0000000705000000, 0x0000000705000000, 0x0000000705200000|  0%| F|  |TAMS 0x0000000705000000, 0x0000000705000000| Untracked 
|   6|0x0000000705200000, 0x0000000705200000, 0x0000000705400000|  0%| F|  |TAMS 0x0000000705200000, 0x0000000705200000| Untracked 
|   7|0x0000000705400000, 0x0000000705400000, 0x0000000705600000|  0%| F|  |TAMS 0x0000000705400000, 0x0000000705400000| Untracked 
|   8|0x0000000705600000, 0x0000000705600000, 0x0000000705800000|  0%| F|  |TAMS 0x0000000705600000, 0x0000000705600000| Untracked 
|   9|0x0000000705800000, 0x0000000705800000, 0x0000000705a00000|  0%| F|  |TAMS 0x0000000705800000, 0x0000000705800000| Untracked 
|  10|0x0000000705a00000, 0x0000000705a00000, 0x0000000705c00000|  0%| F|  |TAMS 0x0000000705a00000, 0x0000000705a00000| Untracked 
|  11|0x0000000705c00000, 0x0000000705c00000, 0x0000000705e00000|  0%| F|  |TAMS 0x0000000705c00000, 0x0000000705c00000| Untracked 
|  12|0x0000000705e00000, 0x0000000705e00000, 0x0000000706000000|  0%| F|  |TAMS 0x0000000705e00000, 0x0000000705e00000| Untracked 
|  13|0x0000000706000000, 0x0000000706000000, 0x0000000706200000|  0%| F|  |TAMS 0x0000000706000000, 0x0000000706000000| Untracked 
|  14|0x0000000706200000, 0x0000000706200000, 0x0000000706400000|  0%| F|  |TAMS 0x0000000706200000, 0x0000000706200000| Untracked 
|  15|0x0000000706400000, 0x0000000706400000, 0x0000000706600000|  0%| F|  |TAMS 0x0000000706400000, 0x0000000706400000| Untracked 
|  16|0x0000000706600000, 0x0000000706600000, 0x0000000706800000|  0%| F|  |TAMS 0x0000000706600000, 0x0000000706600000| Untracked 
|  17|0x0000000706800000, 0x0000000706800000, 0x0000000706a00000|  0%| F|  |TAMS 0x0000000706800000, 0x0000000706800000| Untracked 
|  18|0x0000000706a00000, 0x0000000706a00000, 0x0000000706c00000|  0%| F|  |TAMS 0x0000000706a00000, 0x0000000706a00000| Untracked 
|  19|0x0000000706c00000, 0x0000000706c00000, 0x0000000706e00000|  0%| F|  |TAMS 0x0000000706c00000, 0x0000000706c00000| Untracked 
|  20|0x0000000706e00000, 0x0000000706e00000, 0x0000000707000000|  0%| F|  |TAMS 0x0000000706e00000, 0x0000000706e00000| Untracked 
|  21|0x0000000707000000, 0x0000000707000000, 0x0000000707200000|  0%| F|  |TAMS 0x0000000707000000, 0x0000000707000000| Untracked 
|  22|0x0000000707200000, 0x0000000707200000, 0x0000000707400000|  0%| F|  |TAMS 0x0000000707200000, 0x0000000707200000| Untracked 
|  23|0x0000000707400000, 0x0000000707400000, 0x0000000707600000|  0%| F|  |TAMS 0x0000000707400000, 0x0000000707400000| Untracked 
|  24|0x0000000707600000, 0x0000000707600000, 0x0000000707800000|  0%| F|  |TAMS 0x0000000707600000, 0x0000000707600000| Untracked 
|  25|0x0000000707800000, 0x0000000707800000, 0x0000000707a00000|  0%| F|  |TAMS 0x0000000707800000, 0x0000000707800000| Untracked 
|  26|0x0000000707a00000, 0x0000000707a00000, 0x0000000707c00000|  0%| F|  |TAMS 0x0000000707a00000, 0x0000000707a00000| Untracked 
|  27|0x0000000707c00000, 0x0000000707c00000, 0x0000000707e00000|  0%| F|  |TAMS 0x0000000707c00000, 0x0000000707c00000| Untracked 
|  28|0x0000000707e00000, 0x0000000707e00000, 0x0000000708000000|  0%| F|  |TAMS 0x0000000707e00000, 0x0000000707e00000| Untracked 
|  29|0x0000000708000000, 0x0000000708000000, 0x0000000708200000|  0%| F|  |TAMS 0x0000000708000000, 0x0000000708000000| Untracked 
|  30|0x0000000708200000, 0x0000000708200000, 0x0000000708400000|  0%| F|  |TAMS 0x0000000708200000, 0x0000000708200000| Untracked 
|  31|0x0000000708400000, 0x0000000708400000, 0x0000000708600000|  0%| F|  |TAMS 0x0000000708400000, 0x0000000708400000| Untracked 
|  32|0x0000000708600000, 0x0000000708600000, 0x0000000708800000|  0%| F|  |TAMS 0x0000000708600000, 0x0000000708600000| Untracked 
|  33|0x0000000708800000, 0x0000000708800000, 0x0000000708a00000|  0%| F|  |TAMS 0x0000000708800000, 0x0000000708800000| Untracked 
|  34|0x0000000708a00000, 0x0000000708a00000, 0x0000000708c00000|  0%| F|  |TAMS 0x0000000708a00000, 0x0000000708a00000| Untracked 
|  35|0x0000000708c00000, 0x0000000708c00000, 0x0000000708e00000|  0%| F|  |TAMS 0x0000000708c00000, 0x0000000708c00000| Untracked 
|  36|0x0000000708e00000, 0x0000000708e00000, 0x0000000709000000|  0%| F|  |TAMS 0x0000000708e00000, 0x0000000708e00000| Untracked 
|  37|0x0000000709000000, 0x0000000709000000, 0x0000000709200000|  0%| F|  |TAMS 0x0000000709000000, 0x0000000709000000| Untracked 
|  38|0x0000000709200000, 0x0000000709200000, 0x0000000709400000|  0%| F|  |TAMS 0x0000000709200000, 0x0000000709200000| Untracked 
|  39|0x0000000709400000, 0x0000000709400000, 0x0000000709600000|  0%| F|  |TAMS 0x0000000709400000, 0x0000000709400000| Untracked 
|  40|0x0000000709600000, 0x0000000709600000, 0x0000000709800000|  0%| F|  |TAMS 0x0000000709600000, 0x0000000709600000| Untracked 
|  41|0x0000000709800000, 0x0000000709800000, 0x0000000709a00000|  0%| F|  |TAMS 0x0000000709800000, 0x0000000709800000| Untracked 
|  42|0x0000000709a00000, 0x0000000709a00000, 0x0000000709c00000|  0%| F|  |TAMS 0x0000000709a00000, 0x0000000709a00000| Untracked 
|  43|0x0000000709c00000, 0x0000000709c00000, 0x0000000709e00000|  0%| F|  |TAMS 0x0000000709c00000, 0x0000000709c00000| Untracked 
|  44|0x0000000709e00000, 0x0000000709e00000, 0x000000070a000000|  0%| F|  |TAMS 0x0000000709e00000, 0x0000000709e00000| Untracked 
|  45|0x000000070a000000, 0x000000070a000000, 0x000000070a200000|  0%| F|  |TAMS 0x000000070a000000, 0x000000070a000000| Untracked 
|  46|0x000000070a200000, 0x000000070a200000, 0x000000070a400000|  0%| F|  |TAMS 0x000000070a200000, 0x000000070a200000| Untracked 
|  47|0x000000070a400000, 0x000000070a400000, 0x000000070a600000|  0%| F|  |TAMS 0x000000070a400000, 0x000000070a400000| Untracked 
|  48|0x000000070a600000, 0x000000070a600000, 0x000000070a800000|  0%| F|  |TAMS 0x000000070a600000, 0x000000070a600000| Untracked 
|  49|0x000000070a800000, 0x000000070a800000, 0x000000070aa00000|  0%| F|  |TAMS 0x000000070a800000, 0x000000070a800000| Untracked 
|  50|0x000000070aa00000, 0x000000070aa00000, 0x000000070ac00000|  0%| F|  |TAMS 0x000000070aa00000, 0x000000070aa00000| Untracked 
|  51|0x000000070ac00000, 0x000000070ac00000, 0x000000070ae00000|  0%| F|  |TAMS 0x000000070ac00000, 0x000000070ac00000| Untracked 
|  52|0x000000070ae00000, 0x000000070ae00000, 0x000000070b000000|  0%| F|  |TAMS 0x000000070ae00000, 0x000000070ae00000| Untracked 
|  53|0x000000070b000000, 0x000000070b000000, 0x000000070b200000|  0%| F|  |TAMS 0x000000070b000000, 0x000000070b000000| Untracked 
|  54|0x000000070b200000, 0x000000070b200000, 0x000000070b400000|  0%| F|  |TAMS 0x000000070b200000, 0x000000070b200000| Untracked 
|  55|0x000000070b400000, 0x000000070b400000, 0x000000070b600000|  0%| F|  |TAMS 0x000000070b400000, 0x000000070b400000| Untracked 
|  56|0x000000070b600000, 0x000000070b600000, 0x000000070b800000|  0%| F|  |TAMS 0x000000070b600000, 0x000000070b600000| Untracked 
|  57|0x000000070b800000, 0x000000070b800000, 0x000000070ba00000|  0%| F|  |TAMS 0x000000070b800000, 0x000000070b800000| Untracked 
|  58|0x000000070ba00000, 0x000000070ba00000, 0x000000070bc00000|  0%| F|  |TAMS 0x000000070ba00000, 0x000000070ba00000| Untracked 
|  59|0x000000070bc00000, 0x000000070bc00000, 0x000000070be00000|  0%| F|  |TAMS 0x000000070bc00000, 0x000000070bc00000| Untracked 
|  60|0x000000070be00000, 0x000000070be00000, 0x000000070c000000|  0%| F|  |TAMS 0x000000070be00000, 0x000000070be00000| Untracked 
|  61|0x000000070c000000, 0x000000070c000000, 0x000000070c200000|  0%| F|  |TAMS 0x000000070c000000, 0x000000070c000000| Untracked 
|  62|0x000000070c200000, 0x000000070c200000, 0x000000070c400000|  0%| F|  |TAMS 0x000000070c200000, 0x000000070c200000| Untracked 
|  63|0x000000070c400000, 0x000000070c400000, 0x000000070c600000|  0%| F|  |TAMS 0x000000070c400000, 0x000000070c400000| Untracked 
|  64|0x000000070c600000, 0x000000070c600000, 0x000000070c800000|  0%| F|  |TAMS 0x000000070c600000, 0x000000070c600000| Untracked 
|  65|0x000000070c800000, 0x000000070c800000, 0x000000070ca00000|  0%| F|  |TAMS 0x000000070c800000, 0x000000070c800000| Untracked 
|  66|0x000000070ca00000, 0x000000070ca00000, 0x000000070cc00000|  0%| F|  |TAMS 0x000000070ca00000, 0x000000070ca00000| Untracked 
|  67|0x000000070cc00000, 0x000000070cc00000, 0x000000070ce00000|  0%| F|  |TAMS 0x000000070cc00000, 0x000000070cc00000| Untracked 
|  68|0x000000070ce00000, 0x000000070ce00000, 0x000000070d000000|  0%| F|  |TAMS 0x000000070ce00000, 0x000000070ce00000| Untracked 
|  69|0x000000070d000000, 0x000000070d000000, 0x000000070d200000|  0%| F|  |TAMS 0x000000070d000000, 0x000000070d000000| Untracked 
|  70|0x000000070d200000, 0x000000070d200000, 0x000000070d400000|  0%| F|  |TAMS 0x000000070d200000, 0x000000070d200000| Untracked 
|  71|0x000000070d400000, 0x000000070d400000, 0x000000070d600000|  0%| F|  |TAMS 0x000000070d400000, 0x000000070d400000| Untracked 
|  72|0x000000070d600000, 0x000000070d600000, 0x000000070d800000|  0%| F|  |TAMS 0x000000070d600000, 0x000000070d600000| Untracked 
|  73|0x000000070d800000, 0x000000070d800000, 0x000000070da00000|  0%| F|  |TAMS 0x000000070d800000, 0x000000070d800000| Untracked 
|  74|0x000000070da00000, 0x000000070da00000, 0x000000070dc00000|  0%| F|  |TAMS 0x000000070da00000, 0x000000070da00000| Untracked 
|  75|0x000000070dc00000, 0x000000070dc00000, 0x000000070de00000|  0%| F|  |TAMS 0x000000070dc00000, 0x000000070dc00000| Untracked 
|  76|0x000000070de00000, 0x000000070de00000, 0x000000070e000000|  0%| F|  |TAMS 0x000000070de00000, 0x000000070de00000| Untracked 
|  77|0x000000070e000000, 0x000000070e000000, 0x000000070e200000|  0%| F|  |TAMS 0x000000070e000000, 0x000000070e000000| Untracked 
|  78|0x000000070e200000, 0x000000070e200000, 0x000000070e400000|  0%| F|  |TAMS 0x000000070e200000, 0x000000070e200000| Untracked 
|  79|0x000000070e400000, 0x000000070e400000, 0x000000070e600000|  0%| F|  |TAMS 0x000000070e400000, 0x000000070e400000| Untracked 
|  80|0x000000070e600000, 0x000000070e600000, 0x000000070e800000|  0%| F|  |TAMS 0x000000070e600000, 0x000000070e600000| Untracked 
|  81|0x000000070e800000, 0x000000070e800000, 0x000000070ea00000|  0%| F|  |TAMS 0x000000070e800000, 0x000000070e800000| Untracked 
|  82|0x000000070ea00000, 0x000000070ea00000, 0x000000070ec00000|  0%| F|  |TAMS 0x000000070ea00000, 0x000000070ea00000| Untracked 
|  83|0x000000070ec00000, 0x000000070ec00000, 0x000000070ee00000|  0%| F|  |TAMS 0x000000070ec00000, 0x000000070ec00000| Untracked 
|  84|0x000000070ee00000, 0x000000070ee00000, 0x000000070f000000|  0%| F|  |TAMS 0x000000070ee00000, 0x000000070ee00000| Untracked 
|  85|0x000000070f000000, 0x000000070f000000, 0x000000070f200000|  0%| F|  |TAMS 0x000000070f000000, 0x000000070f000000| Untracked 
|  86|0x000000070f200000, 0x000000070f200000, 0x000000070f400000|  0%| F|  |TAMS 0x000000070f200000, 0x000000070f200000| Untracked 
|  87|0x000000070f400000, 0x000000070f400000, 0x000000070f600000|  0%| F|  |TAMS 0x000000070f400000, 0x000000070f400000| Untracked 
|  88|0x000000070f600000, 0x000000070f600000, 0x000000070f800000|  0%| F|  |TAMS 0x000000070f600000, 0x000000070f600000| Untracked 
|  89|0x000000070f800000, 0x000000070f800000, 0x000000070fa00000|  0%| F|  |TAMS 0x000000070f800000, 0x000000070f800000| Untracked 
|  90|0x000000070fa00000, 0x000000070fa00000, 0x000000070fc00000|  0%| F|  |TAMS 0x000000070fa00000, 0x000000070fa00000| Untracked 
|  91|0x000000070fc00000, 0x000000070fc00000, 0x000000070fe00000|  0%| F|  |TAMS 0x000000070fc00000, 0x000000070fc00000| Untracked 
|  92|0x000000070fe00000, 0x000000070fe00000, 0x0000000710000000|  0%| F|  |TAMS 0x000000070fe00000, 0x000000070fe00000| Untracked 
|  93|0x0000000710000000, 0x0000000710000000, 0x0000000710200000|  0%| F|  |TAMS 0x0000000710000000, 0x0000000710000000| Untracked 
|  94|0x0000000710200000, 0x0000000710200000, 0x0000000710400000|  0%| F|  |TAMS 0x0000000710200000, 0x0000000710200000| Untracked 
|  95|0x0000000710400000, 0x0000000710400000, 0x0000000710600000|  0%| F|  |TAMS 0x0000000710400000, 0x0000000710400000| Untracked 
|  96|0x0000000710600000, 0x0000000710600000, 0x0000000710800000|  0%| F|  |TAMS 0x0000000710600000, 0x0000000710600000| Untracked 
|  97|0x0000000710800000, 0x0000000710800000, 0x0000000710a00000|  0%| F|  |TAMS 0x0000000710800000, 0x0000000710800000| Untracked 
|  98|0x0000000710a00000, 0x0000000710a00000, 0x0000000710c00000|  0%| F|  |TAMS 0x0000000710a00000, 0x0000000710a00000| Untracked 
|  99|0x0000000710c00000, 0x0000000710c00000, 0x0000000710e00000|  0%| F|  |TAMS 0x0000000710c00000, 0x0000000710c00000| Untracked 
| 100|0x0000000710e00000, 0x0000000710e00000, 0x0000000711000000|  0%| F|  |TAMS 0x0000000710e00000, 0x0000000710e00000| Untracked 
| 101|0x0000000711000000, 0x0000000711000000, 0x0000000711200000|  0%| F|  |TAMS 0x0000000711000000, 0x0000000711000000| Untracked 
| 102|0x0000000711200000, 0x0000000711200000, 0x0000000711400000|  0%| F|  |TAMS 0x0000000711200000, 0x0000000711200000| Untracked 
| 103|0x0000000711400000, 0x0000000711400000, 0x0000000711600000|  0%| F|  |TAMS 0x0000000711400000, 0x0000000711400000| Untracked 
| 104|0x0000000711600000, 0x0000000711600000, 0x0000000711800000|  0%| F|  |TAMS 0x0000000711600000, 0x0000000711600000| Untracked 
| 105|0x0000000711800000, 0x0000000711800000, 0x0000000711a00000|  0%| F|  |TAMS 0x0000000711800000, 0x0000000711800000| Untracked 
| 106|0x0000000711a00000, 0x0000000711a00000, 0x0000000711c00000|  0%| F|  |TAMS 0x0000000711a00000, 0x0000000711a00000| Untracked 
| 107|0x0000000711c00000, 0x0000000711c00000, 0x0000000711e00000|  0%| F|  |TAMS 0x0000000711c00000, 0x0000000711c00000| Untracked 
| 108|0x0000000711e00000, 0x0000000711e00000, 0x0000000712000000|  0%| F|  |TAMS 0x0000000711e00000, 0x0000000711e00000| Untracked 
| 109|0x0000000712000000, 0x0000000712000000, 0x0000000712200000|  0%| F|  |TAMS 0x0000000712000000, 0x0000000712000000| Untracked 
| 110|0x0000000712200000, 0x0000000712200000, 0x0000000712400000|  0%| F|  |TAMS 0x0000000712200000, 0x0000000712200000| Untracked 
| 111|0x0000000712400000, 0x0000000712400000, 0x0000000712600000|  0%| F|  |TAMS 0x0000000712400000, 0x0000000712400000| Untracked 
| 112|0x0000000712600000, 0x0000000712600000, 0x0000000712800000|  0%| F|  |TAMS 0x0000000712600000, 0x0000000712600000| Untracked 
| 113|0x0000000712800000, 0x0000000712a00000, 0x0000000712a00000|100%| S|CS|TAMS 0x0000000712800000, 0x0000000712800000| Complete 
| 114|0x0000000712a00000, 0x0000000712c00000, 0x0000000712c00000|100%| S|CS|TAMS 0x0000000712a00000, 0x0000000712a00000| Complete 
| 115|0x0000000712c00000, 0x0000000712c00000, 0x0000000712e00000|  0%| F|  |TAMS 0x0000000712c00000, 0x0000000712c00000| Untracked 
| 116|0x0000000712e00000, 0x0000000712e00000, 0x0000000713000000|  0%| F|  |TAMS 0x0000000712e00000, 0x0000000712e00000| Untracked 
| 117|0x0000000713000000, 0x0000000713000000, 0x0000000713200000|  0%| F|  |TAMS 0x0000000713000000, 0x0000000713000000| Untracked 
| 118|0x0000000713200000, 0x0000000713200000, 0x0000000713400000|  0%| F|  |TAMS 0x0000000713200000, 0x0000000713200000| Untracked 
| 119|0x0000000713400000, 0x0000000713400000, 0x0000000713600000|  0%| F|  |TAMS 0x0000000713400000, 0x0000000713400000| Untracked 
| 120|0x0000000713600000, 0x0000000713600000, 0x0000000713800000|  0%| F|  |TAMS 0x0000000713600000, 0x0000000713600000| Untracked 
| 121|0x0000000713800000, 0x0000000713800000, 0x0000000713a00000|  0%| F|  |TAMS 0x0000000713800000, 0x0000000713800000| Untracked 
| 122|0x0000000713a00000, 0x0000000713a00000, 0x0000000713c00000|  0%| F|  |TAMS 0x0000000713a00000, 0x0000000713a00000| Untracked 
| 123|0x0000000713c00000, 0x0000000713c00000, 0x0000000713e00000|  0%| F|  |TAMS 0x0000000713c00000, 0x0000000713c00000| Untracked 
| 124|0x0000000713e00000, 0x0000000713e00000, 0x0000000714000000|  0%| F|  |TAMS 0x0000000713e00000, 0x0000000713e00000| Untracked 
| 125|0x0000000714000000, 0x0000000714200000, 0x0000000714200000|100%| E|  |TAMS 0x0000000714000000, 0x0000000714000000| Complete 

Card table byte_map: [0x00000156b5e90000,0x00000156b6670000] _byte_map_base: 0x00000156b266d000

Marking Bits (Prev, Next): (CMBitMap*) 0x00000156a2c7aa80, (CMBitMap*) 0x00000156a2c7aac0
 Prev Bits: [0x00000156b6e50000, 0x00000156bad38000)
 Next Bits: [0x00000156bad40000, 0x00000156bec28000)

Polling page: 0x00000156a0b50000

Metaspace:

Usage:
  Non-class:      9.22 MB used.
      Class:      1.01 MB used.
       Both:     10.23 MB used.

Virtual space:
  Non-class space:       16.00 MB reserved,       9.25 MB ( 58%) committed,  2 nodes.
      Class space:        1.00 GB reserved,       1.06 MB ( <1%) committed,  1 nodes.
             Both:        1.02 GB reserved,      10.31 MB ( <1%) committed. 

Chunk freelists:
   Non-Class:  2.02 MB
       Class:  2.95 MB
        Both:  4.97 MB

MaxMetaspaceSize: unlimited
CompressedClassSpaceSize: 1.00 GB
Initial GC threshold: 21.00 MB
Current GC threshold: 21.00 MB
CDS: off
MetaspaceReclaimPolicy: balanced
 - commit_granule_bytes: 65536.
 - commit_granule_words: 8192.
 - virtual_space_node_default_size: 1048576.
 - enlarge_chunks_in_place: 1.
 - new_chunks_are_fully_committed: 0.
 - uncommit_free_chunks: 1.
 - use_allocation_guard: 0.
 - handle_deallocations: 1.


Internal statistics:

num_allocs_failed_limit: 0.
num_arena_births: 14.
num_arena_deaths: 0.
num_vsnodes_births: 3.
num_vsnodes_deaths: 0.
num_space_committed: 165.
num_space_uncommitted: 0.
num_chunks_returned_to_freelist: 0.
num_chunks_taken_from_freelist: 106.
num_chunk_merges: 0.
num_chunk_splits: 74.
num_chunks_enlarged: 62.
num_purges: 0.
num_inconsistent_stats: 0.

CodeHeap 'non-profiled nmethods': size=120000Kb used=377Kb max_used=377Kb free=119622Kb
 bounds [0x00000156add40000, 0x00000156adfb0000, 0x00000156b5270000]
CodeHeap 'profiled nmethods': size=120000Kb used=1630Kb max_used=1630Kb free=118369Kb
 bounds [0x00000156a6810000, 0x00000156a6a80000, 0x00000156add40000]
CodeHeap 'non-nmethods': size=5760Kb used=1160Kb max_used=1172Kb free=4599Kb
 bounds [0x00000156a6270000, 0x00000156a64e0000, 0x00000156a6810000]
 total_blobs=1227 nmethods=827 adapters=311
 compilation: enabled
              stopped_count=0, restarted_count=0
 full_count=0

Compilation events (20 events):
Event: 1.033 Thread 0x00000156a083cdc0 nmethod 819 0x00000156a699f190 code [0x00000156a699f500, 0x00000156a69a0668]
Event: 1.033 Thread 0x00000156a083cdc0  820       3       java.lang.ClassLoader::getDefinedPackage (36 bytes)
Event: 1.033 Thread 0x00000156a083cdc0 nmethod 820 0x00000156a69a0c90 code [0x00000156a69a0e80, 0x00000156a69a1408]
Event: 1.033 Thread 0x00000156a083cdc0  821       3       jdk.internal.loader.URLClassPath$JarLoader$2::getInputStream (15 bytes)
Event: 1.033 Thread 0x00000156a083cdc0 nmethod 821 0x00000156a69a1610 code [0x00000156a69a17c0, 0x00000156a69a19a8]
Event: 1.033 Thread 0x00000156a083cdc0  822       3       jdk.internal.loader.URLClassPath$JarLoader$2::getBytes (48 bytes)
Event: 1.034 Thread 0x00000156a083cdc0 nmethod 822 0x00000156a69a1a90 code [0x00000156a69a1c80, 0x00000156a69a22a8]
Event: 1.034 Thread 0x00000156a083cdc0  824       3       java.lang.Thread::interrupted (23 bytes)
Event: 1.034 Thread 0x00000156a083cdc0 nmethod 824 0x00000156a69a2510 code [0x00000156a69a26c0, 0x00000156a69a2848]
Event: 1.034 Thread 0x00000156a083cdc0  827       3       java.security.CodeSource::matchCerts (254 bytes)
Event: 1.035 Thread 0x00000156a083cdc0 nmethod 827 0x00000156a69a2910 code [0x00000156a69a2b80, 0x00000156a69a37f8]
Event: 1.037 Thread 0x00000156a083f130 nmethod 794 0x00000156add9d090 code [0x00000156add9d220, 0x00000156add9d5e8]
Event: 1.038 Thread 0x00000156a083f130  804       4       java.lang.String::startsWith (7 bytes)
Event: 1.047 Thread 0x00000156a083cdc0  829       3       java.lang.String::<init> (830 bytes)
Event: 1.050 Thread 0x00000156a083f130 nmethod 804 0x00000156add9d890 code [0x00000156add9da20, 0x00000156add9ddd8]
Event: 1.050 Thread 0x00000156a083f130  828       4       java.util.ArrayList::get (15 bytes)
Event: 1.051 Thread 0x00000156a083cdc0 nmethod 829 0x00000156a69a3c10 code [0x00000156a69a4100, 0x00000156a69a6e58]
Event: 1.051 Thread 0x00000156a083f130 nmethod 828 0x00000156add9e010 code [0x00000156add9e180, 0x00000156add9e278]
Event: 1.051 Thread 0x00000156a083f130  791       4       java.lang.CharacterDataLatin1::toUpperCase (53 bytes)
Event: 1.052 Thread 0x00000156a083f130 nmethod 791 0x00000156add9e390 code [0x00000156add9e500, 0x00000156add9e5f8]

GC Heap History (2 events):
Event: 0.962 GC heap before
{Heap before GC invocations=0 (full 0):
 garbage-first heap   total 258048K, used 20480K [0x0000000704600000, 0x0000000800000000)
  region size 2048K, 11 young (22528K), 0 survivors (0K)
 Metaspace       used 10222K, committed 10304K, reserved 1064960K
  class space    used 985K, committed 1024K, reserved 1048576K
}
Event: 0.971 GC heap after
{Heap after GC invocations=1 (full 0):
 garbage-first heap   total 258048K, used 8627K [0x0000000704600000, 0x0000000800000000)
  region size 2048K, 2 young (4096K), 2 survivors (4096K)
 Metaspace       used 10222K, committed 10304K, reserved 1064960K
  class space    used 985K, committed 1024K, reserved 1048576K
}

Dll operation events (7 events):
Event: 0.040 Loaded shared library C:\Users\002A59744\.p2\pool\plugins\org.eclipse.justj.openjdk.hotspot.jre.full.win32.x86_64_17.0.5.v20221102-0933\jre\bin\java.dll
Event: 0.043 Loaded shared library C:\Users\002A59744\.p2\pool\plugins\org.eclipse.justj.openjdk.hotspot.jre.full.win32.x86_64_17.0.5.v20221102-0933\jre\bin\zip.dll
Event: 0.249 Loaded shared library C:\Users\002A59744\.p2\pool\plugins\org.eclipse.justj.openjdk.hotspot.jre.full.win32.x86_64_17.0.5.v20221102-0933\jre\bin\net.dll
Event: 0.252 Loaded shared library C:\Users\002A59744\.p2\pool\plugins\org.eclipse.justj.openjdk.hotspot.jre.full.win32.x86_64_17.0.5.v20221102-0933\jre\bin\nio.dll
Event: 0.269 Loaded shared library C:\Users\002A59744\.p2\pool\plugins\org.eclipse.justj.openjdk.hotspot.jre.full.win32.x86_64_17.0.5.v20221102-0933\jre\bin\zip.dll
Event: 0.454 Loaded shared library C:\Users\002A59744\.p2\pool\plugins\org.eclipse.justj.openjdk.hotspot.jre.full.win32.x86_64_17.0.5.v20221102-0933\jre\bin\jimage.dll
Event: 0.614 Loaded shared library C:\Users\002A59744\.p2\pool\plugins\org.eclipse.justj.openjdk.hotspot.jre.full.win32.x86_64_17.0.5.v20221102-0933\jre\bin\verify.dll

Deoptimization events (20 events):
Event: 0.756 Thread 0x00000156a2c10a30 DEOPT PACKING pc=0x00000156add46bb8 sp=0x00000044513fd9c0
Event: 0.756 Thread 0x00000156a2c10a30 DEOPT UNPACKING pc=0x00000156a62c5ba3 sp=0x00000044513fd950 mode 2
Event: 0.803 Thread 0x00000156a2c10a30 Uncommon trap: trap_request=0xffffff45 fr.pc=0x00000156add80358 relative=0x0000000000000238
Event: 0.803 Thread 0x00000156a2c10a30 Uncommon trap: reason=unstable_if action=reinterpret pc=0x00000156add80358 method=java.lang.String.startsWith(Ljava/lang/String;I)Z @ 50 c2
Event: 0.803 Thread 0x00000156a2c10a30 DEOPT PACKING pc=0x00000156add80358 sp=0x00000044513ff170
Event: 0.803 Thread 0x00000156a2c10a30 DEOPT UNPACKING pc=0x00000156a62c5ba3 sp=0x00000044513ff0d0 mode 2
Event: 0.860 Thread 0x00000156a2c10a30 Uncommon trap: trap_request=0xffffff45 fr.pc=0x00000156add8266c relative=0x000000000000070c
Event: 0.860 Thread 0x00000156a2c10a30 Uncommon trap: reason=unstable_if action=reinterpret pc=0x00000156add8266c method=java.util.zip.ZipCoder.hash(Ljava/lang/String;)I @ 11 c2
Event: 0.861 Thread 0x00000156a2c10a30 DEOPT PACKING pc=0x00000156add8266c sp=0x00000044513fec50
Event: 0.861 Thread 0x00000156a2c10a30 DEOPT UNPACKING pc=0x00000156a62c5ba3 sp=0x00000044513feb60 mode 2
Event: 0.863 Thread 0x00000156a2c10a30 Uncommon trap: trap_request=0xffffff45 fr.pc=0x00000156add68314 relative=0x0000000000000374
Event: 0.863 Thread 0x00000156a2c10a30 Uncommon trap: reason=unstable_if action=reinterpret pc=0x00000156add68314 method=java.util.zip.ZipCoder.hash(Ljava/lang/String;)I @ 23 c2
Event: 0.863 Thread 0x00000156a2c10a30 DEOPT PACKING pc=0x00000156add68314 sp=0x00000044513feba0
Event: 0.863 Thread 0x00000156a2c10a30 DEOPT UNPACKING pc=0x00000156a62c5ba3 sp=0x00000044513feb38 mode 2
Event: 0.863 Thread 0x00000156a2c10a30 Uncommon trap: trap_request=0xffffff45 fr.pc=0x00000156add78744 relative=0x00000000000024a4
Event: 0.863 Thread 0x00000156a2c10a30 Uncommon trap: reason=unstable_if action=reinterpret pc=0x00000156add78744 method=java.util.jar.JarFile.getEntry(Ljava/lang/String;)Ljava/util/zip/ZipEntry; @ 15 c2
Event: 0.863 Thread 0x00000156a2c10a30 DEOPT PACKING pc=0x00000156add78744 sp=0x00000044513fed10
Event: 0.863 Thread 0x00000156a2c10a30 DEOPT UNPACKING pc=0x00000156a62c5ba3 sp=0x00000044513fed18 mode 2
Event: 1.047 Thread 0x00000156a2c10a30 DEOPT PACKING pc=0x00000156a68585f4 sp=0x00000044513fe7f0
Event: 1.047 Thread 0x00000156a2c10a30 DEOPT UNPACKING pc=0x00000156a62c66e3 sp=0x00000044513fdca0 mode 0

Classes unloaded (0 events):
No events

Classes redefined (0 events):
No events

Internal exceptions (2 events):
Event: 0.496 Thread 0x00000156a2c10a30 Exception <a 'java/lang/NoSuchMethodError'{0x0000000713493528}: 'java.lang.Object java.lang.invoke.DirectMethodHandle$Holder.invokeStaticInit(java.lang.Object)'> (0x0000000713493528) 
thrown [s\src\hotspot\share\interpreter\linkResolver.cpp, line 759]
Event: 0.497 Thread 0x00000156a2c10a30 Exception <a 'java/lang/NoSuchMethodError'{0x0000000713499788}: 'java.lang.Object java.lang.invoke.DirectMethodHandle$Holder.invokeInterface(java.lang.Object, java.lang.Object)'> (0x0000000713499788) 
thrown [s\src\hotspot\share\interpreter\linkResolver.cpp, line 759]

VM Operations (16 events):
Event: 0.271 Executing VM operation: HandshakeAllThreads
Event: 0.271 Executing VM operation: HandshakeAllThreads done
Event: 0.507 Executing VM operation: HandshakeAllThreads
Event: 0.507 Executing VM operation: HandshakeAllThreads done
Event: 0.527 Executing VM operation: HandshakeAllThreads
Event: 0.527 Executing VM operation: HandshakeAllThreads done
Event: 0.527 Executing VM operation: HandshakeAllThreads
Event: 0.527 Executing VM operation: HandshakeAllThreads done
Event: 0.678 Executing VM operation: HandshakeAllThreads
Event: 0.678 Executing VM operation: HandshakeAllThreads done
Event: 0.861 Executing VM operation: HandshakeAllThreads
Event: 0.861 Executing VM operation: HandshakeAllThreads done
Event: 0.861 Executing VM operation: HandshakeAllThreads
Event: 0.861 Executing VM operation: HandshakeAllThreads done
Event: 0.962 Executing VM operation: G1CollectForAllocation
Event: 0.971 Executing VM operation: G1CollectForAllocation done

Events (20 events):
Event: 1.039 loading class com/google/gson/ToNumberPolicy$3
Event: 1.039 loading class com/google/gson/ToNumberPolicy$3 done
Event: 1.040 loading class com/google/gson/LongSerializationPolicy$2
Event: 1.040 loading class com/google/gson/LongSerializationPolicy$2 done
Event: 1.041 loading class com/google/gson/JsonParser
Event: 1.041 loading class com/google/gson/JsonParser done
Event: 1.041 loading class com/google/gson/ReflectionAccessFilter$2
Event: 1.041 loading class com/google/gson/ReflectionAccessFilter$2 done
Event: 1.042 loading class com/google/gson/GsonBuilder
Event: 1.042 loading class com/google/gson/GsonBuilder done
Event: 1.043 loading class com/google/gson/FieldAttributes
Event: 1.043 loading class com/google/gson/FieldAttributes done
Event: 1.044 loading class com/google/gson/JsonObject
Event: 1.044 loading class com/google/gson/JsonObject done
Event: 1.045 loading class com/google/gson/ToNumberPolicy$1
Event: 1.045 loading class com/google/gson/ToNumberPolicy$1 done
Event: 1.046 loading class com/google/gson/ExclusionStrategy
Event: 1.046 loading class com/google/gson/ExclusionStrategy done
Event: 1.046 loading class META-INF/versions/9/module-info
Event: 1.046 loading class META-INF/versions/9/module-info done


Dynamic libraries:
0x00007ff7e05e0000 - 0x00007ff7e05ee000 	C:\Users\002A59744\.p2\pool\plugins\org.eclipse.justj.openjdk.hotspot.jre.full.win32.x86_64_17.0.5.v20221102-0933\jre\bin\javaw.exe
0x00007ff8eff10000 - 0x00007ff8f0108000 	C:\Windows\SYSTEM32\ntdll.dll
0x00007ff8ee820000 - 0x00007ff8ee8df000 	C:\Windows\System32\KERNEL32.DLL
0x00007ff8ed980000 - 0x00007ff8edc52000 	C:\Windows\System32\KERNELBASE.dll
0x00007ff8eddc0000 - 0x00007ff8edec0000 	C:\Windows\System32\ucrtbase.dll
0x00007ff89c220000 - 0x00007ff89c237000 	C:\Users\002A59744\.p2\pool\plugins\org.eclipse.justj.openjdk.hotspot.jre.full.win32.x86_64_17.0.5.v20221102-0933\jre\bin\jli.dll
0x00007ff8ef500000 - 0x00007ff8ef69d000 	C:\Windows\System32\USER32.dll
0x00007ff8ed610000 - 0x00007ff8ed632000 	C:\Windows\System32\win32u.dll
0x00007ff8edf60000 - 0x00007ff8edf8b000 	C:\Windows\System32\GDI32.dll
0x00007ff8edcb0000 - 0x00007ff8eddbf000 	C:\Windows\System32\gdi32full.dll
0x00007ff8ed8e0000 - 0x00007ff8ed97d000 	C:\Windows\System32\msvcp_win.dll
0x00007ff89c200000 - 0x00007ff89c219000 	C:\Users\002A59744\.p2\pool\plugins\org.eclipse.justj.openjdk.hotspot.jre.full.win32.x86_64_17.0.5.v20221102-0933\jre\bin\VCRUNTIME140.dll
0x00007ff8d6a50000 - 0x00007ff8d6cea000 	C:\Windows\WinSxS\amd64_microsoft.windows.common-controls_6595b64144ccf1df_6.0.19041.1110_none_60b5254171f9507e\COMCTL32.dll
0x00007ff8ee480000 - 0x00007ff8ee51e000 	C:\Windows\System32\msvcrt.dll
0x00007ff8ee290000 - 0x00007ff8ee2c2000 	C:\Windows\System32\IMM32.DLL
0x00007ff8c34d0000 - 0x00007ff8c3628000 	C:\Program Files (x86)\Citrix\ICA Client\epclient64.dll
0x00007ff8edf30000 - 0x00007ff8edf57000 	C:\Windows\System32\bcrypt.dll
0x00007ff8ee940000 - 0x00007ff8eec94000 	C:\Windows\System32\combase.dll
0x00007ff8ef110000 - 0x00007ff8ef235000 	C:\Windows\System32\RPCRT4.dll
0x00007ff8e2320000 - 0x00007ff8e232a000 	C:\Windows\SYSTEM32\VERSION.dll
0x00007ff8ee530000 - 0x00007ff8ee5de000 	C:\Windows\System32\ADVAPI32.dll
0x00007ff8ee0c0000 - 0x00007ff8ee15c000 	C:\Windows\System32\sechost.dll
0x00007ff8ec7c0000 - 0x00007ff8ec7f3000 	C:\Windows\SYSTEM32\ntmarta.dll
0x00007ff8ebd50000 - 0x00007ff8ebd62000 	C:\Windows\SYSTEM32\kernel.appcore.dll
0x00000156a2280000 - 0x00000156a2302000 	C:\Windows\System32\bcryptprimitives.dll
0x00007ff8e8210000 - 0x00007ff8e821c000 	C:\Users\002A59744\.p2\pool\plugins\org.eclipse.justj.openjdk.hotspot.jre.full.win32.x86_64_17.0.5.v20221102-0933\jre\bin\vcruntime140_1.dll
0x00007ff82bdc0000 - 0x00007ff82be51000 	C:\Users\002A59744\.p2\pool\plugins\org.eclipse.justj.openjdk.hotspot.jre.full.win32.x86_64_17.0.5.v20221102-0933\jre\bin\msvcp140.dll
0x00007ff81a8e0000 - 0x00007ff81b524000 	C:\Users\002A59744\.p2\pool\plugins\org.eclipse.justj.openjdk.hotspot.jre.full.win32.x86_64_17.0.5.v20221102-0933\jre\bin\server\jvm.dll
0x00007ff8d1a80000 - 0x00007ff8d1a89000 	C:\Windows\SYSTEM32\WSOCK32.dll
0x00000156a2310000 - 0x00000156a237b000 	C:\Windows\System32\WS2_32.dll
0x00007ff8c4180000 - 0x00007ff8c41a7000 	C:\Windows\SYSTEM32\WINMM.dll
0x00007ff8d4830000 - 0x00007ff8d483a000 	C:\Users\002A59744\.p2\pool\plugins\org.eclipse.justj.openjdk.hotspot.jre.full.win32.x86_64_17.0.5.v20221102-0933\jre\bin\jimage.dll
0x00007ff8eb380000 - 0x00007ff8eb564000 	C:\Windows\SYSTEM32\DBGHELP.DLL
0x00007ff8c7760000 - 0x00007ff8c778c000 	C:\Windows\SYSTEM32\dbgcore.DLL
0x0000000180000000 - 0x0000000180030000 	C:\Windows\SYSTEM32\jvmhook.dll
0x00000156a2390000 - 0x00000156a24ba000 	C:\Windows\System32\ole32.dll
0x00007ff8ee6f0000 - 0x00007ff8ee7bd000 	C:\Windows\System32\OLEAUT32.dll
0x00007ff89d530000 - 0x00007ff89d555000 	C:\Users\002A59744\.p2\pool\plugins\org.eclipse.justj.openjdk.hotspot.jre.full.win32.x86_64_17.0.5.v20221102-0933\jre\bin\java.dll
0x00007ff8d2540000 - 0x00007ff8d2558000 	C:\Users\002A59744\.p2\pool\plugins\org.eclipse.justj.openjdk.hotspot.jre.full.win32.x86_64_17.0.5.v20221102-0933\jre\bin\zip.dll
0x00000156c2400000 - 0x00000156c2b43000 	C:\Windows\System32\SHELL32.dll
0x00007ff8eb5a0000 - 0x00007ff8ebd32000 	C:\Windows\SYSTEM32\windows.storage.dll
0x00007ff8ed070000 - 0x00007ff8ed0a0000 	C:\Windows\SYSTEM32\Wldp.dll
0x00007ff8ef3f0000 - 0x00007ff8ef49d000 	C:\Windows\System32\SHCORE.dll
0x00007ff8ee8e0000 - 0x00007ff8ee935000 	C:\Windows\System32\shlwapi.dll
0x00007ff8ed550000 - 0x00007ff8ed56f000 	C:\Windows\SYSTEM32\profapi.dll
0x00007ff89c1d0000 - 0x00007ff89c1e9000 	C:\Users\002A59744\.p2\pool\plugins\org.eclipse.justj.openjdk.hotspot.jre.full.win32.x86_64_17.0.5.v20221102-0933\jre\bin\net.dll
0x00007ff8ec600000 - 0x00007ff8ec70c000 	C:\Windows\SYSTEM32\WINHTTP.dll
0x00007ff8ecdd0000 - 0x00007ff8ece3a000 	C:\Windows\system32\mswsock.dll
0x00007ff879770000 - 0x00007ff879785000 	C:\Users\002A59744\.p2\pool\plugins\org.eclipse.justj.openjdk.hotspot.jre.full.win32.x86_64_17.0.5.v20221102-0933\jre\bin\nio.dll
0x00007ff8e82a0000 - 0x00007ff8e82b0000 	C:\Users\002A59744\.p2\pool\plugins\org.eclipse.justj.openjdk.hotspot.jre.full.win32.x86_64_17.0.5.v20221102-0933\jre\bin\verify.dll

dbghelp: loaded successfully - version: 4.0.5 - missing functions: none
symbol engine: initialized successfully - sym options: 0x614 - pdb path: .;C:\Users\002A59744\.p2\pool\plugins\org.eclipse.justj.openjdk.hotspot.jre.full.win32.x86_64_17.0.5.v20221102-0933\jre\bin;C:\Windows\SYSTEM32;C:\Windows\WinSxS\amd64_microsoft.windows.common-controls_6595b64144ccf1df_6.0.19041.1110_none_60b5254171f9507e;C:\Program Files (x86)\Citrix\ICA Client;C:\Users\002A59744\.p2\pool\plugins\org.eclipse.justj.openjdk.hotspot.jre.full.win32.x86_64_17.0.5.v20221102-0933\jre\bin\server

VM Arguments:
jvm_args: -agentlib:jvmhook -Dfile.encoding=UTF-8 -XX:+ShowCodeDetailsInExceptionMessages -Xrunjvmhook -Xbootclasspath/a:C:\Program Files (x86)\Micro Focus\UFT One\bin\java_shared\classes\jasmine.jar 
java_command: cucumber.api.cli.Main C:/Users/002A59744/Downloads/Script/week3_12thDec_batch2-20221206T150439Z-001/week3_12thDec_batch2/com.ibm.nov.batch2/com.ibm.nov.batch2_week3/Features/login.feature --glue classpath: --plugin pretty --monochrome
java_class_path (initial): C:\Users\002A59744\Downloads\Script\week3_12thDec_batch2-20221206T150439Z-001\week3_12thDec_batch2\com.ibm.nov.batch2\com.ibm.nov.batch2_week3\target\classes;C:\Users\002A59744\Downloads\Script\week3_12thDec_batch2-20221206T150439Z-001\week3_12thDec_batch2\com.ibm.nov.batch2\com.ibm.nov.batch2_week3\target\test-classes;C:\Users\002A59744\.m2\repository\org\apache\poi\poi\5.0.0\poi-5.0.0.jar;C:\Users\002A59744\.m2\repository\org\slf4j\slf4j-api\1.7.30\slf4j-api-1.7.30.jar;C:\Users\002A59744\.m2\repository\org\slf4j\jcl-over-slf4j\1.7.30\jcl-over-slf4j-1.7.30.jar;C:\Users\002A59744\.m2\repository\commons-codec\commons-codec\1.15\commons-codec-1.15.jar;C:\Users\002A59744\.m2\repository\org\apache\commons\commons-collections4\4.4\commons-collections4-4.4.jar;C:\Users\002A59744\.m2\repository\org\apache\commons\commons-math3\3.6.1\commons-math3-3.6.1.jar;C:\Users\002A59744\.m2\repository\com\zaxxer\SparseBitSet\1.2\SparseBitSet-1.2.jar;C:\Users\002A59744\.m2\repository\org\apache\poi\poi-ooxml\5.0.0\poi-ooxml-5.0.0.jar;C:\Users\002A59744\.m2\repository\org\apache\poi\poi-ooxml-lite\5.0.0\poi-ooxml-lite-5.0.0.jar;C:\Users\002A59744\.m2\repository\org\apache\xmlbeans\xmlbeans\4.0.0\xmlbeans-4.0.0.jar;C:\Users\002A59744\.m2\repository\org\apache\commons\commons-compress\1.20\commons-compress-1.20.jar;C:\Users\002A59744\.m2\repository\com\github\virtuald\curvesapi\1.06\curvesapi-1.06.jar;C:\Users\002A59744\.m2\repository\org\bouncycastle\bcpkix-jdk15on\1.68\bcpkix-jdk15on-1.68.jar;C:\Users\002A59744\.m2\repository\org\bouncycastle\bcprov-jdk15on\1.68\bcprov-jdk15on-1.68.jar;C:\Users\002A59744\.m2\repository\org\apache\santuario\xmlsec\2.2.1\xmlsec-2.2.1.jar;C:\Users\002A59744\.m2\repository\com\fasterxml\woodstox\woodstox-core\5.2.1\woodstox-core-5.2.1.jar;C:\Users\002A59744\.m2\repository\org\codehaus\woodstox\stax2-api\4.2\stax2-api-4.2.jar;C:\Users\002A59744\.m2\repository\jakarta\xml\bind\jakarta.xml.bind-api\2.3.2\jakarta.xml.bind-api-2.3.2.
Launcher Type: SUN_STANDARD

[Global flags]
     intx CICompilerCount                          = 4                                         {product} {ergonomic}
     uint ConcGCThreads                            = 2                                         {product} {ergonomic}
     uint G1ConcRefinementThreads                  = 8                                         {product} {ergonomic}
   size_t G1HeapRegionSize                         = 2097152                                   {product} {ergonomic}
    uintx GCDrainStackTargetSize                   = 64                                        {product} {ergonomic}
   size_t InitialHeapSize                          = 264241152                                 {product} {ergonomic}
   size_t MarkStackSize                            = 4194304                                   {product} {ergonomic}
   size_t MaxHeapSize                              = 4221566976                                {product} {ergonomic}
   size_t MaxNewSize                               = 2531262464                                {product} {ergonomic}
   size_t MinHeapDeltaBytes                        = 2097152                                   {product} {ergonomic}
   size_t MinHeapSize                              = 8388608                                   {product} {ergonomic}
    uintx NonNMethodCodeHeapSize                   = 5839372                                {pd product} {ergonomic}
    uintx NonProfiledCodeHeapSize                  = 122909434                              {pd product} {ergonomic}
    uintx ProfiledCodeHeapSize                     = 122909434                              {pd product} {ergonomic}
    uintx ReservedCodeCacheSize                    = 251658240                              {pd product} {ergonomic}
     bool SegmentedCodeCache                       = true                                      {product} {ergonomic}
     bool ShowCodeDetailsInExceptionMessages       = true                                   {manageable} {command line}
   size_t SoftMaxHeapSize                          = 4221566976                             {manageable} {ergonomic}
     bool UseCompressedClassPointers               = true                           {product lp64_product} {ergonomic}
     bool UseCompressedOops                        = true                           {product lp64_product} {ergonomic}
     bool UseG1GC                                  = true                                      {product} {ergonomic}
     bool UseLargePagesIndividualAllocation        = false                                  {pd product} {ergonomic}

Logging:
Log output configuration:
 #0: stdout all=warning uptime,level,tags
 #1: stderr all=off uptime,level,tags

Environment Variables:
JAVA_HOME=C:\Program Files\Java\jdk1.8.0_172
JAVA_TOOL_OPTIONS=-agentlib:jvmhook
_JAVA_OPTIONS=-Xrunjvmhook -Xbootclasspath/a:"C:\Program Files (x86)\Micro Focus\UFT One\bin\java_shared\classes\jasmine.jar"
PATH=C:/Users/002A59744/.p2/pool/plugins/org.eclipse.justj.openjdk.hotspot.jre.full.win32.x86_64_17.0.5.v20221102-0933/jre/bin/server;C:/Users/002A59744/.p2/pool/plugins/org.eclipse.justj.openjdk.hotspot.jre.full.win32.x86_64_17.0.5.v20221102-0933/jre/bin;C:\Program Files (x86)\Common Files\Oracle\Java\javapath;C:\Program Files (x86)\RSA SecurID Token Common;C:\Windows\system32;C:\Windows;C:\Windows\System32\Wbem;C:\Windows\System32\WindowsPowerShell\v1.0\;C:\Windows\System32\OpenSSH\;C:\Program Files\IBM\Trace Facility;C:\Program Files\IBM\Personal Communications\;C:\Program Files\PuTTY\;%JAVA_HOME%\bin;%HADOOP_HOME%\bin;C:\Program Files (x86)\dotnet\;C:\Program Files (x86)\Micro Focus\UFT One\bin;C:\Program Files\Amazon\AWSCLIV2\;C:\Users\002A59744\Downloads\Software Downloads\node\node-v18.12.1-win-x64;C:\Users\002A59744\Downloads\Software Downloads\VSCode-win32-x64-1.73.1;C:\Program Files\Git\cmd;C:\Users\002A59744\Downloads\Software Downloads\apache-maven-3.8.6-bin\apache-maven-3.8.6\bin;C:\Users\002A59744\AppData\Local\Programs\Python\Python311\Scripts\;C:\Users\002A59744\AppData\Local\Programs\Python\Python311\;C:\Users\002A59744\AppData\Local\Programs\Python\Python37\Scripts\;C:\Users\002A59744\AppData\Local\Programs\Python\Python37\;C:\Users\002A59744\AppData\Local\Microsoft\WindowsApps;C:\Users\002A59744\AppData\Local\Box\Box Edit\;C:\Users\002A59744\AppData\Local\GitHubDesktop\bin;C:\Users\002A59744\Desktop;;C:\Program Files (x86)\Micro Focus\UFT One\\bin64;C:\Program Files (x86)\Micro Focus\UFT One\\bin64
USERNAME=002A59744
OS=Windows_NT
PROCESSOR_IDENTIFIER=Intel64 Family 6 Model 140 Stepping 1, GenuineIntel
TMP=C:\Users\002A59~1\AppData\Local\Temp
TEMP=C:\Users\002A59~1\AppData\Local\Temp



---------------  S Y S T E M  ---------------

OS:
 Windows 10 , 64 bit Build 19041 (10.0.19041.2251)
OS uptime: 0 days 16:54 hours

CPU: total 8 (initial active 8) (4 cores per cpu, 2 threads per core) family 6 model 140 stepping 1 microcode 0xa4, cx8, cmov, fxsr, ht, mmx, 3dnowpref, sse, sse2, sse3, ssse3, sse4.1, sse4.2, popcnt, lzcnt, tsc, tscinvbit, avx, avx2, aes, erms, clmul, bmi1, bmi2, adx, avx512f, avx512dq, avx512cd, avx512bw, avx512vl, sha, fma, vzeroupper, avx512_vpopcntdq, avx512_vpclmulqdq, avx512_vaes, avx512_vnni, clflush, clflushopt, clwb, avx512_vbmi2, avx512_vbmi

Memory: 4k page, system-wide physical 16103M (3349M free)
TotalPageFile size 24807M (AvailPageFile size 4462M)
current process WorkingSet (physical memory assigned to process): 108M, peak: 113M
current process commit charge ("private bytes"): 379M, peak: 385M

vm_info: OpenJDK 64-Bit Server VM (17.0.5+8) for windows-amd64 JRE (17.0.5+8), built on Oct 19 2022 04:48:13 by "temurin" with MS VC++ 16.7 (VS2019)

END.
